FAILED: python/libiRadio_python.dll python/libiRadio_python.dll.a 
C:\windows\system32\cmd.exe /C "cd . && "D:\soft\clion\CLion 2024.1.4\bin\mingw\bin\g++.exe" -O3 -DNDEBUG   -shared -o python\libiRadio_python.dll -Wl,--out-implib,python\libiRadio_python.dll.a -Wl,--major-image-version,0,--minor-image-version,0 python/CMakeFiles/iRadio_python.dir/iRadio_python_autogen/mocs_compilation.cpp.obj python/CMakeFiles/iRadio_python.dir/base/PyAgent.cpp.obj python/CMakeFiles/iRadio_python.dir/base/PyInterpreter.cpp.obj python/CMakeFiles/iRadio_python.dir/base/PythonModuleAPI.cpp.obj python/CMakeFiles/iRadio_python.dir/test.cpp.obj  D:/simulation/home/demo2/CAE/MinGW3rdParty/Python38/python38.dll  D:/soft/qt_13/5.13.0/mingw73_64/lib/libQt5Core.a  -lkernel32 -luser32 -lgdi32 -lwinspool -lshell32 -lole32 -loleaut32 -luuid -lcomdlg32 -ladvapi32 && cd ."
D:\soft\clion\CLion 2024.1.4\bin\mingw\bin/ld.exe: python/CMakeFiles/iRadio_python.dir/iRadio_python_autogen/mocs_compilation.cpp.obj:mocs_compilation.cpp:(.text+0x33): undefined reference to `__imp__ZN2Py11PythonAgent16staticMetaObjectE'
D:\soft\clion\CLion 2024.1.4\bin\mingw\bin/ld.exe: python/CMakeFiles/iRadio_python.dir/iRadio_python_autogen/mocs_compilation.cpp.obj:mocs_compilation.cpp:(.text+0x93): undefined reference to `__imp__ZN2Py11PythonAgent16staticMetaObjectE'
D:\soft\clion\CLion 2024.1.4\bin\mingw\bin/ld.exe: python/CMakeFiles/iRadio_python.dir/iRadio_python_autogen/mocs_compilation.cpp.obj:mocs_compilation.cpp:(.text+0xcb): undefined reference to `__imp__ZN2Py11PythonAgent16staticMetaObjectE'
D:\soft\clion\CLion 2024.1.4\bin\mingw\bin/ld.exe: python/CMakeFiles/iRadio_python.dir/iRadio_python_autogen/mocs_compilation.cpp.obj:mocs_compilation.cpp:(.text+0x1e8): undefined reference to `__imp__ZN2Py11PythonAgent16staticMetaObjectE'
D:\soft\clion\CLion 2024.1.4\bin\mingw\bin/ld.exe: python/CMakeFiles/iRadio_python.dir/iRadio_python_autogen/mocs_compilation.cpp.obj:mocs_compilation.cpp:(.text.startup+0xa): undefined reference to `__imp__ZN2Py11PythonAgent16staticMetaObjectE'
collect2.exe: error: ld returned 1 exit status
